===> Loading datasets
===> Building model 
---------- Networks architecture -------------
Net32x32(
  (NC_o1): Conv2d(1, 8, kernel_size=(4, 4), stride=(4, 4))
  (NC_p1): Conv2d(2, 8, kernel_size=(4, 4), stride=(4, 4))
  (NC2): Conv2d(16, 64, kernel_size=(4, 4), stride=(4, 4))
  (NC3): Conv2d(64, 128, kernel_size=(2, 2), stride=(2, 2))
  (FC1_stage1): Linear(in_features=129, out_features=32, bias=True)
  (FC1_stage2): Linear(in_features=129, out_features=32, bias=True)
  (FC2_stage1): Linear(in_features=33, out_features=2, bias=True)
  (FC2_stage2): Linear(in_features=33, out_features=2, bias=True)
)
Total number of parameters: 58200
----------------------------------------------
2021-11-20 14:02:48
===> Epoch [1] Complete: Loss: 1.265850 || Timer: 18.6436 sec.
Checkpoint saved to model/32x32/model_epoch1.pth
--------------------------------------------------
===> Teste finish: Timer: 12.5793 sec.
s-ns acc: 0.7408519622808394 103863/140194
ns acc: 0.7850977930581908 55033/70097
s acc: 0.696606131503488 48830/70097
hs-vs acc: 0.5407292751472959 75807/140194
hs acc: 0.24578964092786781 17017/69234
vs acc: 0.8284949267192785 58790/70960
--------------------------------------------------
2021-11-20 14:03:20
===> Epoch [2] Complete: Loss: 1.206356 || Timer: 18.4565 sec.
Checkpoint saved to model/32x32/model_epoch2.pth
--------------------------------------------------
===> Teste finish: Timer: 12.9131 sec.
s-ns acc: 0.7555886842518225 105929/140194
ns acc: 0.7134399475013196 50010/70097
s acc: 0.7977374210023254 55919/70097
hs-vs acc: 0.5748748163259483 80594/140194
hs acc: 0.7573591010197301 52435/69234
vs acc: 0.3968291995490417 28159/70960
--------------------------------------------------
2021-11-20 14:03:51
===> Epoch [3] Complete: Loss: 1.182744 || Timer: 19.0779 sec.
Checkpoint saved to model/32x32/model_epoch3.pth
--------------------------------------------------
===> Teste finish: Timer: 13.0629 sec.
s-ns acc: 0.7525714367233975 105506/140194
ns acc: 0.684137694908484 47956/70097
s acc: 0.8210051785383112 57550/70097
hs-vs acc: 0.5926858496083998 83091/140194
hs acc: 0.5235144582141722 36245/69234
vs acc: 0.660174746335964 46846/70960
--------------------------------------------------
2021-11-20 14:04:23
===> Epoch [4] Complete: Loss: 1.165052 || Timer: 19.1460 sec.
Checkpoint saved to model/32x32/model_epoch4.pth
--------------------------------------------------
===> Teste finish: Timer: 12.8591 sec.
s-ns acc: 0.7607458236443785 106652/140194
ns acc: 0.7389046606844801 51795/70097
s acc: 0.782586986604277 54857/70097
hs-vs acc: 0.5952251879538354 83447/140194
hs acc: 0.6153768379697836 42605/69234
vs acc: 0.5755636978579481 40842/70960
--------------------------------------------------
2021-11-20 14:04:55
===> Epoch [5] Complete: Loss: 1.151597 || Timer: 18.8465 sec.
Checkpoint saved to model/32x32/model_epoch5.pth
--------------------------------------------------
===> Teste finish: Timer: 12.8349 sec.
s-ns acc: 0.7638557998202491 107088/140194
ns acc: 0.7234546414254533 50712/70097
s acc: 0.8042569582150448 56376/70097
hs-vs acc: 0.6017661240851963 84364/140194
hs acc: 0.5713522257850189 39557/69234
vs acc: 0.6314402480270574 44807/70960
--------------------------------------------------
2021-11-20 14:05:27
===> Epoch [6] Complete: Loss: 1.140712 || Timer: 18.5921 sec.
Checkpoint saved to model/32x32/model_epoch6.pth
--------------------------------------------------
===> Teste finish: Timer: 12.7015 sec.
s-ns acc: 0.7709745067549253 108086/140194
ns acc: 0.7602750474342697 53293/70097
s acc: 0.7816739660755809 54793/70097
hs-vs acc: 0.6079147467081331 85226/140194
hs acc: 0.6733108010515065 46616/69234
vs acc: 0.544109357384442 38610/70960
--------------------------------------------------
2021-11-20 14:05:58
===> Epoch [7] Complete: Loss: 1.131392 || Timer: 18.8011 sec.
Checkpoint saved to model/32x32/model_epoch7.pth
--------------------------------------------------
===> Teste finish: Timer: 12.8748 sec.
s-ns acc: 0.7759319229068291 108781/140194
ns acc: 0.7667375208639456 53746/70097
s acc: 0.7851263249497126 55035/70097
hs-vs acc: 0.6105182818094925 85591/140194
hs acc: 0.6361903111188144 44046/69234
vs acc: 0.5854706877113867 41545/70960
--------------------------------------------------
2021-11-20 14:06:30
===> Epoch [8] Complete: Loss: 1.122341 || Timer: 18.6052 sec.
Checkpoint saved to model/32x32/model_epoch8.pth
--------------------------------------------------
===> Teste finish: Timer: 13.3855 sec.
s-ns acc: 0.7783072028760146 109114/140194
ns acc: 0.7495327902763314 52540/70097
s acc: 0.807081615475698 56574/70097
hs-vs acc: 0.6165670428121033 86439/140194
hs acc: 0.5874136984718491 40669/69234
vs acc: 0.645011273957159 45770/70960
--------------------------------------------------
2021-11-20 14:07:02
===> Epoch [9] Complete: Loss: 1.114509 || Timer: 18.4649 sec.
Checkpoint saved to model/32x32/model_epoch9.pth
--------------------------------------------------
===> Teste finish: Timer: 12.6202 sec.
s-ns acc: 0.7824514601195486 109695/140194
ns acc: 0.7480633978629613 52437/70097
s acc: 0.8168395223761359 57258/70097
hs-vs acc: 0.6163601865985705 86410/140194
hs acc: 0.5835572117745617 40402/69234
vs acc: 0.6483652762119504 46008/70960
--------------------------------------------------
2021-11-20 14:07:33
===> Epoch [10] Complete: Loss: 1.106614 || Timer: 18.9699 sec.
Checkpoint saved to model/32x32/model_epoch10.pth
--------------------------------------------------
===> Teste finish: Timer: 13.5213 sec.
s-ns acc: 0.7842989000955818 109954/140194
ns acc: 0.8062256587300455 56514/70097
s acc: 0.7623721414611182 53440/70097
hs-vs acc: 0.6164243833544945 86419/140194
hs acc: 0.5133460438512869 35541/69234
vs acc: 0.7169954904171364 50878/70960
--------------------------------------------------
2021-11-20 14:08:05
===> Epoch [11] Complete: Loss: 1.099873 || Timer: 19.3224 sec.
Checkpoint saved to model/32x32/model_epoch11.pth
--------------------------------------------------
===> Teste finish: Timer: 13.3287 sec.
s-ns acc: 0.7912749475726494 110932/140194
ns acc: 0.7962822945347162 55817/70097
s acc: 0.7862676006105824 55115/70097
hs-vs acc: 0.6215886557199309 87143/140194
hs acc: 0.6306583470549152 43663/69234
vs acc: 0.612739571589628 43480/70960
--------------------------------------------------
2021-11-20 14:08:38
===> Epoch [12] Complete: Loss: 1.092355 || Timer: 19.4070 sec.
Checkpoint saved to model/32x32/model_epoch12.pth
--------------------------------------------------
===> Teste finish: Timer: 13.4395 sec.
s-ns acc: 0.7896129648915075 110699/140194
ns acc: 0.8227884217584205 57675/70097
s acc: 0.7564375080245945 53024/70097
hs-vs acc: 0.6200764654692783 86931/140194
hs acc: 0.5772019527977583 39962/69234
vs acc: 0.6619081172491544 46969/70960
--------------------------------------------------
2021-11-20 14:09:11
===> Epoch [13] Complete: Loss: 1.086609 || Timer: 19.2731 sec.
Checkpoint saved to model/32x32/model_epoch13.pth
--------------------------------------------------
===> Teste finish: Timer: 13.3325 sec.
s-ns acc: 0.796246629670314 111629/140194
ns acc: 0.83338801945875 58418/70097
s acc: 0.759105239881878 53211/70097
hs-vs acc: 0.6222520221978116 87236/140194
hs acc: 0.5406736574515412 37433/69234
vs acc: 0.7018461104847802 49803/70960
--------------------------------------------------
2021-11-20 14:09:43
===> Epoch [14] Complete: Loss: 1.081782 || Timer: 19.3501 sec.
Checkpoint saved to model/32x32/model_epoch14.pth
--------------------------------------------------
===> Teste finish: Timer: 13.3111 sec.
s-ns acc: 0.7994422015207499 112077/140194
ns acc: 0.7951410188738463 55737/70097
s acc: 0.8037433841676533 56340/70097
hs-vs acc: 0.6245559724381928 87559/140194
hs acc: 0.5758442383799867 39868/69234
vs acc: 0.6720828635851184 47691/70960
--------------------------------------------------
2021-11-20 14:10:16
===> Epoch [15] Complete: Loss: 1.075809 || Timer: 19.5327 sec.
Checkpoint saved to model/32x32/model_epoch15.pth
--------------------------------------------------
===> Teste finish: Timer: 13.3252 sec.
s-ns acc: 0.7993708717919454 112067/140194
ns acc: 0.7900338102914533 55379/70097
s acc: 0.8087079332924376 56688/70097
hs-vs acc: 0.6202619227641697 86957/140194
hs acc: 0.6020452378888985 41682/69234
vs acc: 0.6380355129650507 45275/70960
--------------------------------------------------
2021-11-20 14:10:49
===> Epoch [16] Complete: Loss: 1.070760 || Timer: 19.3314 sec.
Checkpoint saved to model/32x32/model_epoch16.pth
--------------------------------------------------
===> Teste finish: Timer: 13.3282 sec.
s-ns acc: 0.8022383268898812 112469/140194
ns acc: 0.7805754882519936 54716/70097
s acc: 0.8239011655277687 57753/70097
hs-vs acc: 0.6252692697262365 87659/140194
hs acc: 0.6532628477337724 45228/69234
vs acc: 0.5979565952649379 42431/70960
--------------------------------------------------
2021-11-20 14:11:22
===> Epoch [17] Complete: Loss: 1.067031 || Timer: 19.1824 sec.
Checkpoint saved to model/32x32/model_epoch17.pth
--------------------------------------------------
===> Teste finish: Timer: 13.2731 sec.
s-ns acc: 0.8060901322453172 113009/140194
ns acc: 0.807980370058633 56637/70097
s acc: 0.8041998944320013 56372/70097
hs-vs acc: 0.6274091615903676 87959/140194
hs acc: 0.5559840540774764 38493/69234
vs acc: 0.6970969560315671 49466/70960
--------------------------------------------------
2021-11-20 14:11:54
===> Epoch [18] Complete: Loss: 1.062804 || Timer: 19.4442 sec.
Checkpoint saved to model/32x32/model_epoch18.pth
--------------------------------------------------
===> Teste finish: Timer: 13.2457 sec.
s-ns acc: 0.8039787722727079 112713/140194
ns acc: 0.7726578883547085 54161/70097
s acc: 0.8352996561907071 58552/70097
hs-vs acc: 0.6304549410103143 88386/140194
hs acc: 0.6317705173758558 43740/69234
vs acc: 0.6291713641488162 44646/70960
--------------------------------------------------
2021-11-20 14:12:27
